app/build/intermediates/manifest_merge_blame_file/debug/manifest-merger-blame-debug-report.txt
1<?xml version="1.0" encoding="utf-8"?>
2<manifest xmlns:android="http://schemas.android.com/apk/res/android"
3    package="com.uuu"
4    android:versionCode="1"
5    android:versionName="1.0" >
6
7    <uses-sdk
8        android:minSdkVersion="25"
8-->src\main\AndroidManifest.xml
9        android:targetSdkVersion="29" />
9-->src\main\AndroidManifest.xml
10
11    <application
11-->src\main\AndroidManifest.xml:7:5-16:19
12        android:appComponentFactory="android.support.v4.app.CoreComponentFactory"
12-->[com.android.support:support-compat:28.0.0] AndroidManifest.xml:22:18-91
13        android:debuggable="true"
14        android:extractNativeLibs="false"
15        android:icon="@drawable/icon"
15-->src\main\AndroidManifest.xml:7:18-47
16        android:label="@string/app_name"
16-->src\main\AndroidManifest.xml:7:48-80
17        android:testOnly="true" >
18        <activity
18-->src\main\AndroidManifest.xml:8:9-14:20
19            android:name="com.uuu.DialogExerciseActivity"
19-->src\main\AndroidManifest.xml:8:19-57
20            android:label="@string/app_name" >
20-->src\main\AndroidManifest.xml:9:19-51
21            <intent-filter>
21-->src\main\AndroidManifest.xml:10:13-13:29
22                <action android:name="android.intent.action.MAIN" />
22-->src\main\AndroidManifest.xml:11:17-69
22-->src\main\AndroidManifest.xml:11:25-66
23
24                <category android:name="android.intent.category.LAUNCHER" />
24-->src\main\AndroidManifest.xml:12:17-77
24-->src\main\AndroidManifest.xml:12:27-74
25            </intent-filter>
26        </activity>
27    </application>
28
29</manifest>